[      86ms] [LOG] %c[Speed Curve] color: #00ffcc; font-weight: bold @ http://localhost:3001/src/systems/difficulty.js?t=1778403820537:30
[      86ms] [TABLE] [Object, Object, Object, Object, Object, Object, Object, Object, Object, Object, Object, Object] @ http://localhost:3001/src/systems/difficulty.js?t=1778403820537:31
[      86ms] [LOG] [Letter Runner] Game loop started @ http://localhost:3001/src/main.js?t=1778404856966:167
[   20552ms] [ERROR] Failed to load resource: the server responded with a status of 404 (Not Found) @ http://localhost:3001/favicon.ico:0
[   65766ms] [LOG] %c[Speed Curve] color: #00ffcc; font-weight: bold @ http://localhost:3001/src/systems/difficulty.js?t=1778403820537:30
[   65766ms] [TABLE] [Object, Object, Object, Object, Object, Object, Object, Object, Object, Object, Object, Object] @ http://localhost:3001/src/systems/difficulty.js?t=1778403820537:31
[   65766ms] [LOG] [Letter Runner] Game loop started @ http://localhost:3001/src/main.js?t=1778404856966:167
[   66995ms] [ERROR] Failed to load resource: the server responded with a status of 404 (Not Found) @ http://localhost:3001/favicon.ico:0
[  185543ms] [LOG] %c[Speed Curve] color: #00ffcc; font-weight: bold @ http://localhost:3001/src/systems/difficulty.js?t=1778403820537:30
[  185543ms] [TABLE] [Object, Object, Object, Object, Object, Object, Object, Object, Object, Object, Object, Object] @ http://localhost:3001/src/systems/difficulty.js?t=1778403820537:31
[  185543ms] [LOG] [Letter Runner] Game loop started @ http://localhost:3001/src/main.js?t=1778405050332:167
[  194563ms] [ERROR] Failed to load resource: the server responded with a status of 404 (Not Found) @ http://localhost:3001/favicon.ico:0
[  225405ms] [LOG] %c[Speed Curve] color: #00ffcc; font-weight: bold @ http://localhost:3001/src/systems/difficulty.js?t=1778403820537:30
[  225405ms] [TABLE] [Object, Object, Object, Object, Object, Object, Object, Object, Object, Object, Object, Object] @ http://localhost:3001/src/systems/difficulty.js?t=1778403820537:31
[  225405ms] [LOG] [Letter Runner] Game loop started @ http://localhost:3001/src/main.js?t=1778405090210:167
[  243548ms] [ERROR] Failed to load resource: the server responded with a status of 404 (Not Found) @ http://localhost:3001/favicon.ico:0
[  247966ms] [LOG] %c[Speed Curve] color: #00ffcc; font-weight: bold @ http://localhost:3001/src/systems/difficulty.js?t=1778403820537:30
[  247966ms] [TABLE] [Object, Object, Object, Object, Object, Object, Object, Object, Object, Object, Object, Object] @ http://localhost:3001/src/systems/difficulty.js?t=1778403820537:31
[  247967ms] [LOG] [Letter Runner] Game loop started @ http://localhost:3001/src/main.js?t=1778405112200:167
[  256576ms] [LOG] %c[Speed Curve] color: #00ffcc; font-weight: bold @ http://localhost:3001/src/systems/difficulty.js?t=1778405121373:30
[  256576ms] [TABLE] [Object, Object, Object, Object, Object, Object, Object, Object, Object, Object, Object, Object] @ http://localhost:3001/src/systems/difficulty.js?t=1778405121373:31
[  256576ms] [LOG] [Letter Runner] Game loop started @ http://localhost:3001/src/main.js?t=1778405121373:167
[  266014ms] [LOG] %c[Speed Curve] color: #00ffcc; font-weight: bold @ http://localhost:3001/src/systems/difficulty.js?t=1778405121373:30
[  266014ms] [TABLE] [Object, Object, Object, Object, Object, Object, Object, Object, Object, Object, Object, Object] @ http://localhost:3001/src/systems/difficulty.js?t=1778405121373:31
[  266015ms] [LOG] [Letter Runner] Game loop started @ http://localhost:3001/src/main.js?t=1778405121373:167
[  278633ms] [ERROR] Failed to load resource: the server responded with a status of 404 (Not Found) @ http://localhost:3001/favicon.ico:0
[  298494ms] [LOG] %c[Speed Curve] color: #00ffcc; font-weight: bold @ http://localhost:3001/src/systems/difficulty.js?t=1778405121373:30
[  298495ms] [TABLE] [Object, Object, Object, Object, Object, Object, Object, Object, Object, Object, Object, Object] @ http://localhost:3001/src/systems/difficulty.js?t=1778405121373:31
[  298495ms] [LOG] [Letter Runner] Game loop started @ http://localhost:3001/src/main.js?t=1778405162923:167
[  309281ms] [LOG] %c[Speed Curve] color: #00ffcc; font-weight: bold @ http://localhost:3001/src/systems/difficulty.js?t=1778405173401:30
[  309281ms] [TABLE] [Object, Object, Object, Object, Object, Object, Object, Object, Object, Object, Object, Object] @ http://localhost:3001/src/systems/difficulty.js?t=1778405173401:31
[  309282ms] [LOG] [Letter Runner] Game loop started @ http://localhost:3001/src/main.js?t=1778405173401:167
[  317413ms] [LOG] %c[Speed Curve] color: #00ffcc; font-weight: bold @ http://localhost:3001/src/systems/difficulty.js?t=1778405173401:30
[  317413ms] [TABLE] [Object, Object, Object, Object, Object, Object, Object, Object, Object, Object, Object, Object] @ http://localhost:3001/src/systems/difficulty.js?t=1778405173401:31
[  317414ms] [LOG] [Letter Runner] Game loop started @ http://localhost:3001/src/main.js?t=1778405173401:167
[  329850ms] [ERROR] Failed to load resource: the server responded with a status of 404 (Not Found) @ http://localhost:3001/favicon.ico:0
[  332128ms] [LOG] %c[Speed Curve] color: #00ffcc; font-weight: bold @ http://localhost:3001/src/systems/difficulty.js?t=1778405196695:30
[  332128ms] [TABLE] [Object, Object, Object, Object, Object, Object, Object, Object, Object, Object, Object, Object] @ http://localhost:3001/src/systems/difficulty.js?t=1778405196695:31
[  332129ms] [LOG] [Letter Runner] Game loop started @ http://localhost:3001/src/main.js?t=1778405196695:167
[  382722ms] [LOG] %c[Speed Curve] color: #00ffcc; font-weight: bold @ http://localhost:3001/src/systems/difficulty.js?t=1778405196695:30
[  382722ms] [TABLE] [Object, Object, Object, Object, Object, Object, Object, Object, Object, Object, Object, Object] @ http://localhost:3001/src/systems/difficulty.js?t=1778405196695:31
[  382723ms] [LOG] [Letter Runner] Game loop started @ http://localhost:3001/src/main.js?t=1778405247529:167
[  405847ms] [LOG] %c[Speed Curve] color: #00ffcc; font-weight: bold @ http://localhost:3001/src/systems/difficulty.js?t=1778405196695:30
[  405847ms] [TABLE] [Object, Object, Object, Object, Object, Object, Object, Object, Object, Object, Object, Object] @ http://localhost:3001/src/systems/difficulty.js?t=1778405196695:31
[  405848ms] [LOG] [Letter Runner] Game loop started @ http://localhost:3001/src/main.js?t=1778405270403:167
[ 1001060ms] [LOG] [vite] server connection lost. Polling for restart... @ http://localhost:3001/@vite/client:963
[ 1001270ms] [LOG] %c[Speed Curve] color: #00ffcc; font-weight: bold @ http://localhost:3001/src/systems/difficulty.js?t=1778405196695:30
[ 1001270ms] [TABLE] [Object, Object, Object, Object, Object, Object, Object, Object, Object, Object, Object, Object] @ http://localhost:3001/src/systems/difficulty.js?t=1778405196695:31
[ 1001271ms] [LOG] [Letter Runner] Game loop started @ http://localhost:3001/src/main.js?t=1778405270403:167
[ 1140572ms] [ERROR] Failed to load resource: the server responded with a status of 404 (Not Found) @ http://localhost:3001/favicon.ico:0
[ 1186849ms] [LOG] %c[Speed Curve] color: #00ffcc; font-weight: bold @ http://localhost:3001/src/systems/difficulty.js?t=1778405196695:30
[ 1186849ms] [TABLE] [Object, Object, Object, Object, Object, Object, Object, Object, Object, Object, Object, Object] @ http://localhost:3001/src/systems/difficulty.js?t=1778405196695:31
[ 1186850ms] [LOG] [Letter Runner] Game loop started @ http://localhost:3001/src/main.js?t=1778406051645:167
[ 1267287ms] [ERROR] Failed to load resource: the server responded with a status of 404 (Not Found) @ http://localhost:3001/favicon.ico:0
[ 1323483ms] [LOG] %c[Speed Curve] color: #00ffcc; font-weight: bold @ http://localhost:3001/src/systems/difficulty.js?t=1778405196695:30
[ 1323483ms] [TABLE] [Object, Object, Object, Object, Object, Object, Object, Object, Object, Object, Object, Object] @ http://localhost:3001/src/systems/difficulty.js?t=1778405196695:31
[ 1323485ms] [LOG] [Letter Runner] Game loop started @ http://localhost:3001/src/main.js?t=1778406187322:159
[ 1359984ms] [ERROR] Failed to load resource: the server responded with a status of 404 (Not Found) @ http://localhost:3001/favicon.ico:0
[ 1690327ms] [LOG] %c[Speed Curve] color: #00ffcc; font-weight: bold @ http://localhost:3001/src/systems/difficulty.js?t=1778406555077:30
[ 1690328ms] [TABLE] [Object, Object, Object, Object, Object, Object, Object, Object, Object, Object, Object, Object] @ http://localhost:3001/src/systems/difficulty.js?t=1778406555077:31
[ 1690328ms] [LOG] [Letter Runner] Game loop started @ http://localhost:3001/src/main.js?t=1778406555077:159
[ 1747639ms] [LOG] %c[Speed Curve] color: #00ffcc; font-weight: bold @ http://localhost:3001/src/systems/difficulty.js?t=1778406555077:30
[ 1747639ms] [TABLE] [Object, Object, Object, Object, Object, Object, Object, Object, Object, Object, Object, Object] @ http://localhost:3001/src/systems/difficulty.js?t=1778406555077:31
[ 1747640ms] [LOG] [Letter Runner] Game loop started @ http://localhost:3001/src/main.js?t=1778406612449:159
[ 1754131ms] [LOG] %c[Speed Curve] color: #00ffcc; font-weight: bold @ http://localhost:3001/src/systems/difficulty.js?t=1778406555077:30
[ 1754131ms] [TABLE] [Object, Object, Object, Object, Object, Object, Object, Object, Object, Object, Object, Object] @ http://localhost:3001/src/systems/difficulty.js?t=1778406555077:31
[ 1754131ms] [LOG] [Letter Runner] Game loop started @ http://localhost:3001/src/main.js?t=1778406618936:159
[ 1758603ms] [LOG] %c[Speed Curve] color: #00ffcc; font-weight: bold @ http://localhost:3001/src/systems/difficulty.js?t=1778406555077:30
[ 1758603ms] [TABLE] [Object, Object, Object, Object, Object, Object, Object, Object, Object, Object, Object, Object] @ http://localhost:3001/src/systems/difficulty.js?t=1778406555077:31
[ 1758604ms] [LOG] [Letter Runner] Game loop started @ http://localhost:3001/src/main.js?t=1778406623372:159
[ 1765120ms] [LOG] %c[Speed Curve] color: #00ffcc; font-weight: bold @ http://localhost:3001/src/systems/difficulty.js?t=1778406555077:30
[ 1765120ms] [TABLE] [Object, Object, Object, Object, Object, Object, Object, Object, Object, Object, Object, Object] @ http://localhost:3001/src/systems/difficulty.js?t=1778406555077:31
[ 1765120ms] [LOG] [Letter Runner] Game loop started @ http://localhost:3001/src/main.js?t=1778406629928:159
[ 1768647ms] [LOG] %c[Speed Curve] color: #00ffcc; font-weight: bold @ http://localhost:3001/src/systems/difficulty.js?t=1778406555077:30
[ 1768647ms] [TABLE] [Object, Object, Object, Object, Object, Object, Object, Object, Object, Object, Object, Object] @ http://localhost:3001/src/systems/difficulty.js?t=1778406555077:31
[ 1768648ms] [LOG] [Letter Runner] Game loop started @ http://localhost:3001/src/main.js?t=1778406633460:159
[ 1777103ms] [ERROR] Failed to load resource: the server responded with a status of 404 (Not Found) @ http://localhost:3001/favicon.ico:0
[ 1780438ms] [LOG] %c[Speed Curve] color: #00ffcc; font-weight: bold @ http://localhost:3001/src/systems/difficulty.js?t=1778406555077:30
[ 1780438ms] [TABLE] [Object, Object, Object, Object, Object, Object, Object, Object, Object, Object, Object, Object] @ http://localhost:3001/src/systems/difficulty.js?t=1778406555077:31
[ 1780438ms] [LOG] [Letter Runner] Game loop started @ http://localhost:3001/src/main.js?t=1778406645247:167
[ 1787401ms] [ERROR] Failed to load resource: the server responded with a status of 404 (Not Found) @ http://localhost:3001/favicon.ico:0
[ 1802617ms] [LOG] %c[Speed Curve] color: #00ffcc; font-weight: bold @ http://localhost:3001/src/systems/difficulty.js?t=1778406555077:30
[ 1802617ms] [TABLE] [Object, Object, Object, Object, Object, Object, Object, Object, Object, Object, Object, Object] @ http://localhost:3001/src/systems/difficulty.js?t=1778406555077:31
[ 1802617ms] [LOG] [Letter Runner] Game loop started @ http://localhost:3001/src/main.js?t=1778406667419:167
[ 1806567ms] [LOG] %c[Speed Curve] color: #00ffcc; font-weight: bold @ http://localhost:3001/src/systems/difficulty.js?t=1778406555077:30
[ 1806567ms] [TABLE] [Object, Object, Object, Object, Object, Object, Object, Object, Object, Object, Object, Object] @ http://localhost:3001/src/systems/difficulty.js?t=1778406555077:31
[ 1806567ms] [LOG] [Letter Runner] Game loop started @ http://localhost:3001/src/main.js?t=1778406671362:167
[ 1811972ms] [LOG] %c[Speed Curve] color: #00ffcc; font-weight: bold @ http://localhost:3001/src/systems/difficulty.js?t=1778406555077:30
[ 1811972ms] [TABLE] [Object, Object, Object, Object, Object, Object, Object, Object, Object, Object, Object, Object] @ http://localhost:3001/src/systems/difficulty.js?t=1778406555077:31
[ 1811972ms] [LOG] [Letter Runner] Game loop started @ http://localhost:3001/src/main.js?t=1778406676471:167
[ 1816417ms] [LOG] %c[Speed Curve] color: #00ffcc; font-weight: bold @ http://localhost:3001/src/systems/difficulty.js?t=1778406555077:30
[ 1816417ms] [TABLE] [Object, Object, Object, Object, Object, Object, Object, Object, Object, Object, Object, Object] @ http://localhost:3001/src/systems/difficulty.js?t=1778406555077:31
[ 1816417ms] [LOG] [Letter Runner] Game loop started @ http://localhost:3001/src/main.js?t=1778406681117:167
[ 1825958ms] [LOG] %c[Speed Curve] color: #00ffcc; font-weight: bold @ http://localhost:3001/src/systems/difficulty.js?t=1778406555077:30
[ 1825958ms] [TABLE] [Object, Object, Object, Object, Object, Object, Object, Object, Object, Object, Object, Object] @ http://localhost:3001/src/systems/difficulty.js?t=1778406555077:31
[ 1825960ms] [LOG] [Letter Runner] Game loop started @ http://localhost:3001/src/main.js?t=1778406690594:167
[ 1829614ms] [LOG] %c[Speed Curve] color: #00ffcc; font-weight: bold @ http://localhost:3001/src/systems/difficulty.js?t=1778406555077:30
[ 1829614ms] [TABLE] [Object, Object, Object, Object, Object, Object, Object, Object, Object, Object, Object, Object] @ http://localhost:3001/src/systems/difficulty.js?t=1778406555077:31
[ 1829615ms] [LOG] [Letter Runner] Game loop started @ http://localhost:3001/src/main.js?t=1778406694332:168
[ 1832853ms] [LOG] %c[Speed Curve] color: #00ffcc; font-weight: bold @ http://localhost:3001/src/systems/difficulty.js?t=1778406555077:30
[ 1832853ms] [TABLE] [Object, Object, Object, Object, Object, Object, Object, Object, Object, Object, Object, Object] @ http://localhost:3001/src/systems/difficulty.js?t=1778406555077:31
[ 1832855ms] [LOG] [Letter Runner] Game loop started @ http://localhost:3001/src/main.js?t=1778406697453:169
[ 1836012ms] [LOG] %c[Speed Curve] color: #00ffcc; font-weight: bold @ http://localhost:3001/src/systems/difficulty.js?t=1778406555077:30
[ 1836012ms] [TABLE] [Object, Object, Object, Object, Object, Object, Object, Object, Object, Object, Object, Object] @ http://localhost:3001/src/systems/difficulty.js?t=1778406555077:31
[ 1836013ms] [LOG] [Letter Runner] Game loop started @ http://localhost:3001/src/main.js?t=1778406700787:170
[ 1848304ms] [LOG] %c[Speed Curve] color: #00ffcc; font-weight: bold @ http://localhost:3001/src/systems/difficulty.js?t=1778406555077:30
[ 1848304ms] [TABLE] [Object, Object, Object, Object, Object, Object, Object, Object, Object, Object, Object, Object] @ http://localhost:3001/src/systems/difficulty.js?t=1778406555077:31
[ 1848306ms] [LOG] [Letter Runner] Game loop started @ http://localhost:3001/src/main.js?t=1778406712896:170
[ 1854345ms] [LOG] %c[Speed Curve] color: #00ffcc; font-weight: bold @ http://localhost:3001/src/systems/difficulty.js?t=1778406555077:30
[ 1854346ms] [TABLE] [Object, Object, Object, Object, Object, Object, Object, Object, Object, Object, Object, Object] @ http://localhost:3001/src/systems/difficulty.js?t=1778406555077:31
[ 1854346ms] [LOG] [Letter Runner] Game loop started @ http://localhost:3001/src/main.js?t=1778406719149:170
[ 1861592ms] [LOG] %c[Speed Curve] color: #00ffcc; font-weight: bold @ http://localhost:3001/src/systems/difficulty.js?t=1778406555077:30
[ 1861592ms] [TABLE] [Object, Object, Object, Object, Object, Object, Object, Object, Object, Object, Object, Object] @ http://localhost:3001/src/systems/difficulty.js?t=1778406555077:31
[ 1861593ms] [LOG] [Letter Runner] Game loop started @ http://localhost:3001/src/main.js?t=1778406726410:170
[ 1871630ms] [LOG] %c[Speed Curve] color: #00ffcc; font-weight: bold @ http://localhost:3001/src/systems/difficulty.js?t=1778406555077:30
[ 1871630ms] [TABLE] [Object, Object, Object, Object, Object, Object, Object, Object, Object, Object, Object, Object] @ http://localhost:3001/src/systems/difficulty.js?t=1778406555077:31
[ 1871631ms] [LOG] [Letter Runner] Game loop started @ http://localhost:3001/src/main.js?t=1778406736297:170
[ 1878050ms] [LOG] %c[Speed Curve] color: #00ffcc; font-weight: bold @ http://localhost:3001/src/systems/difficulty.js?t=1778406555077:30
[ 1878050ms] [TABLE] [Object, Object, Object, Object, Object, Object, Object, Object, Object, Object, Object, Object] @ http://localhost:3001/src/systems/difficulty.js?t=1778406555077:31
[ 1878051ms] [LOG] [Letter Runner] Game loop started @ http://localhost:3001/src/main.js?t=1778406742665:170
[ 1883820ms] [LOG] %c[Speed Curve] color: #00ffcc; font-weight: bold @ http://localhost:3001/src/systems/difficulty.js?t=1778406555077:30
[ 1883820ms] [TABLE] [Object, Object, Object, Object, Object, Object, Object, Object, Object, Object, Object, Object] @ http://localhost:3001/src/systems/difficulty.js?t=1778406555077:31
[ 1883821ms] [LOG] [Letter Runner] Game loop started @ http://localhost:3001/src/main.js?t=1778406748621:170
[ 1892085ms] [LOG] %c[Speed Curve] color: #00ffcc; font-weight: bold @ http://localhost:3001/src/systems/difficulty.js?t=1778406555077:30
[ 1892085ms] [TABLE] [Object, Object, Object, Object, Object, Object, Object, Object, Object, Object, Object, Object] @ http://localhost:3001/src/systems/difficulty.js?t=1778406555077:31
[ 1892085ms] [LOG] [Letter Runner] Game loop started @ http://localhost:3001/src/main.js?t=1778406756892:170
[ 1900931ms] [LOG] %c[Speed Curve] color: #00ffcc; font-weight: bold @ http://localhost:3001/src/systems/difficulty.js?t=1778406555077:30
[ 1900931ms] [TABLE] [Object, Object, Object, Object, Object, Object, Object, Object, Object, Object, Object, Object] @ http://localhost:3001/src/systems/difficulty.js?t=1778406555077:31
[ 1900932ms] [LOG] [Letter Runner] Game loop started @ http://localhost:3001/src/main.js?t=1778406765358:170
[ 1907318ms] [LOG] %c[Speed Curve] color: #00ffcc; font-weight: bold @ http://localhost:3001/src/systems/difficulty.js?t=1778406555077:30
[ 1907319ms] [TABLE] [Object, Object, Object, Object, Object, Object, Object, Object, Object, Object, Object, Object] @ http://localhost:3001/src/systems/difficulty.js?t=1778406555077:31
[ 1907320ms] [LOG] [Letter Runner] Game loop started @ http://localhost:3001/src/main.js?t=1778406771929:170
[ 1910533ms] [LOG] %c[Speed Curve] color: #00ffcc; font-weight: bold @ http://localhost:3001/src/systems/difficulty.js?t=1778406555077:30
[ 1910533ms] [TABLE] [Object, Object, Object, Object, Object, Object, Object, Object, Object, Object, Object, Object] @ http://localhost:3001/src/systems/difficulty.js?t=1778406555077:31
[ 1910534ms] [LOG] [Letter Runner] Game loop started @ http://localhost:3001/src/main.js?t=1778406775262:170
[ 1916835ms] ReferenceError: checkMilestone is not defined
    at http://localhost:3001/src/systems/audio.js?t=1778406775262:106:7
[ 1916837ms] [ERROR] Failed to load resource: the server responded with a status of 404 (Not Found) @ http://localhost:3001/favicon.ico:0
[ 1919953ms] ReferenceError: checkMilestone is not defined
    at http://localhost:3001/src/systems/audio.js?t=1778406775262:106:7
[ 1921030ms] [LOG] %c[Speed Curve] color: #00ffcc; font-weight: bold @ http://localhost:3001/src/systems/difficulty.js?t=1778406555077:30
[ 1921031ms] [TABLE] [Object, Object, Object, Object, Object, Object, Object, Object, Object, Object, Object, Object] @ http://localhost:3001/src/systems/difficulty.js?t=1778406555077:31
[ 1921031ms] [LOG] [Letter Runner] Game loop started @ http://localhost:3001/src/main.js?t=1778406785833:170
[ 1925335ms] [LOG] %c[Speed Curve] color: #00ffcc; font-weight: bold @ http://localhost:3001/src/systems/difficulty.js?t=1778406555077:30
[ 1925335ms] [TABLE] [Object, Object, Object, Object, Object, Object, Object, Object, Object, Object, Object, Object] @ http://localhost:3001/src/systems/difficulty.js?t=1778406555077:31
[ 1925336ms] [LOG] [Letter Runner] Game loop started @ http://localhost:3001/src/main.js?t=1778406789972:170
[ 1930082ms] [LOG] %c[Speed Curve] color: #00ffcc; font-weight: bold @ http://localhost:3001/src/systems/difficulty.js?t=1778406555077:30
[ 1930083ms] [TABLE] [Object, Object, Object, Object, Object, Object, Object, Object, Object, Object, Object, Object] @ http://localhost:3001/src/systems/difficulty.js?t=1778406555077:31
[ 1930084ms] [LOG] [Letter Runner] Game loop started @ http://localhost:3001/src/main.js?t=1778406794311:170
[ 1936455ms] [LOG] %c[Speed Curve] color: #00ffcc; font-weight: bold @ http://localhost:3001/src/systems/difficulty.js?t=1778406555077:30
[ 1936455ms] [TABLE] [Object, Object, Object, Object, Object, Object, Object, Object, Object, Object, Object, Object] @ http://localhost:3001/src/systems/difficulty.js?t=1778406555077:31
[ 1936456ms] [LOG] [Letter Runner] Game loop started @ http://localhost:3001/src/main.js?t=1778406801273:170
[ 1940117ms] [ERROR] Failed to load resource: the server responded with a status of 404 (Not Found) @ http://localhost:3001/favicon.ico:0
[ 1947556ms] [LOG] %c[Speed Curve] color: #00ffcc; font-weight: bold @ http://localhost:3001/src/systems/difficulty.js?t=1778406555077:30
[ 1947556ms] [TABLE] [Object, Object, Object, Object, Object, Object, Object, Object, Object, Object, Object, Object] @ http://localhost:3001/src/systems/difficulty.js?t=1778406555077:31
[ 1947556ms] [LOG] [Letter Runner] Game loop started @ http://localhost:3001/src/main.js?t=1778406812365:174
[ 1949418ms] [ERROR] Failed to load resource: the server responded with a status of 404 (Not Found) @ http://localhost:3001/favicon.ico:0
[ 1959255ms] [LOG] %c[Speed Curve] color: #00ffcc; font-weight: bold @ http://localhost:3001/src/systems/difficulty.js?t=1778406555077:30
[ 1959255ms] [TABLE] [Object, Object, Object, Object, Object, Object, Object, Object, Object, Object, Object, Object] @ http://localhost:3001/src/systems/difficulty.js?t=1778406555077:31
[ 1959256ms] [LOG] [Letter Runner] Game loop started @ http://localhost:3001/src/main.js?t=1778406824063:176
[ 1966164ms] [LOG] %c[Speed Curve] color: #00ffcc; font-weight: bold @ http://localhost:3001/src/systems/difficulty.js?t=1778406555077:30
[ 1966164ms] [TABLE] [Object, Object, Object, Object, Object, Object, Object, Object, Object, Object, Object, Object] @ http://localhost:3001/src/systems/difficulty.js?t=1778406555077:31
[ 1966165ms] [LOG] [Letter Runner] Game loop started @ http://localhost:3001/src/main.js?t=1778406824063:176
[ 1968363ms] [LOG] %c[Speed Curve] color: #00ffcc; font-weight: bold @ http://localhost:3001/src/systems/difficulty.js?t=1778406555077:30
[ 1968363ms] [TABLE] [Object, Object, Object, Object, Object, Object, Object, Object, Object, Object, Object, Object] @ http://localhost:3001/src/systems/difficulty.js?t=1778406555077:31
[ 1968363ms] [LOG] [Letter Runner] Game loop started @ http://localhost:3001/src/main.js?t=1778406833139:182
[ 1972483ms] [LOG] %c[Speed Curve] color: #00ffcc; font-weight: bold @ http://localhost:3001/src/systems/difficulty.js?t=1778406555077:30
[ 1972483ms] [TABLE] [Object, Object, Object, Object, Object, Object, Object, Object, Object, Object, Object, Object] @ http://localhost:3001/src/systems/difficulty.js?t=1778406555077:31
[ 1972483ms] [LOG] [Letter Runner] Game loop started @ http://localhost:3001/src/main.js?t=1778406837276:183
[ 2115303ms] [ERROR] Failed to load resource: the server responded with a status of 404 (Not Found) @ http://localhost:3001/favicon.ico:0
[ 2339005ms] [LOG] %c[Speed Curve] color: #00ffcc; font-weight: bold @ http://localhost:3001/src/systems/difficulty.js?t=1778406555077:30
[ 2339005ms] [TABLE] [Object, Object, Object, Object, Object, Object, Object, Object, Object, Object, Object, Object] @ http://localhost:3001/src/systems/difficulty.js?t=1778406555077:31
[ 2339008ms] [LOG] [Letter Runner] Game loop started @ http://localhost:3001/src/main.js?t=1778407203548:183
[ 2350402ms] [LOG] %c[Speed Curve] color: #00ffcc; font-weight: bold @ http://localhost:3001/src/systems/difficulty.js?t=1778407214807:30
[ 2350403ms] [TABLE] [Object, Object, Object, Object, Object, Object, Object, Object, Object, Object, Object, Object] @ http://localhost:3001/src/systems/difficulty.js?t=1778407214807:31
[ 2350404ms] [LOG] [Letter Runner] Game loop started @ http://localhost:3001/src/main.js?t=1778407214807:183
[ 2358658ms] [LOG] %c[Speed Curve] color: #00ffcc; font-weight: bold @ http://localhost:3001/src/systems/difficulty.js?t=1778407214807:30
[ 2358658ms] [TABLE] [Object, Object, Object, Object, Object, Object, Object, Object, Object, Object, Object, Object] @ http://localhost:3001/src/systems/difficulty.js?t=1778407214807:31
[ 2358659ms] [LOG] [Letter Runner] Game loop started @ http://localhost:3001/src/main.js?t=1778407223204:183
[ 2363397ms] [LOG] %c[Speed Curve] color: #00ffcc; font-weight: bold @ http://localhost:3001/src/systems/difficulty.js?t=1778407214807:30
[ 2363398ms] [TABLE] [Object, Object, Object, Object, Object, Object, Object, Object, Object, Object, Object, Object] @ http://localhost:3001/src/systems/difficulty.js?t=1778407214807:31
[ 2363398ms] [LOG] [Letter Runner] Game loop started @ http://localhost:3001/src/main.js?t=1778407228150:183
[ 2372286ms] [LOG] %c[Speed Curve] color: #00ffcc; font-weight: bold @ http://localhost:3001/src/systems/difficulty.js?t=1778407214807:30
[ 2372286ms] [TABLE] [Object, Object, Object, Object, Object, Object, Object, Object, Object, Object, Object, Object] @ http://localhost:3001/src/systems/difficulty.js?t=1778407214807:31
[ 2372288ms] [LOG] [Letter Runner] Game loop started @ http://localhost:3001/src/main.js?t=1778407236770:183
[ 2378751ms] [LOG] %c[Speed Curve] color: #00ffcc; font-weight: bold @ http://localhost:3001/src/systems/difficulty.js?t=1778407214807:30
[ 2378751ms] [TABLE] [Object, Object, Object, Object, Object, Object, Object, Object, Object, Object, Object, Object] @ http://localhost:3001/src/systems/difficulty.js?t=1778407214807:31
[ 2378752ms] [LOG] [Letter Runner] Game loop started @ http://localhost:3001/src/main.js?t=1778407243448:183
[ 2383475ms] [LOG] %c[Speed Curve] color: #00ffcc; font-weight: bold @ http://localhost:3001/src/systems/difficulty.js?t=1778407214807:30
[ 2383476ms] [TABLE] [Object, Object, Object, Object, Object, Object, Object, Object, Object, Object, Object, Object] @ http://localhost:3001/src/systems/difficulty.js?t=1778407214807:31
[ 2383476ms] [LOG] [Letter Runner] Game loop started @ http://localhost:3001/src/main.js?t=1778407248290:183
[ 2397491ms] [LOG] %c[Speed Curve] color: #00ffcc; font-weight: bold @ http://localhost:3001/src/systems/difficulty.js?t=1778407214807:30
[ 2397491ms] [TABLE] [Object, Object, Object, Object, Object, Object, Object, Object, Object, Object, Object, Object] @ http://localhost:3001/src/systems/difficulty.js?t=1778407214807:31
[ 2397491ms] [LOG] [Letter Runner] Game loop started @ http://localhost:3001/src/main.js?t=1778407262302:183
[ 2400516ms] [LOG] %c[Speed Curve] color: #00ffcc; font-weight: bold @ http://localhost:3001/src/systems/difficulty.js?t=1778407214807:30
[ 2400516ms] [TABLE] [Object, Object, Object, Object, Object, Object, Object, Object, Object, Object, Object, Object] @ http://localhost:3001/src/systems/difficulty.js?t=1778407214807:31
[ 2400517ms] [LOG] [Letter Runner] Game loop started @ http://localhost:3001/src/main.js?t=1778407265325:183
[ 2403530ms] [LOG] %c[Speed Curve] color: #00ffcc; font-weight: bold @ http://localhost:3001/src/systems/difficulty.js?t=1778407214807:30
[ 2403531ms] [TABLE] [Object, Object, Object, Object, Object, Object, Object, Object, Object, Object, Object, Object] @ http://localhost:3001/src/systems/difficulty.js?t=1778407214807:31
[ 2403531ms] [LOG] [Letter Runner] Game loop started @ http://localhost:3001/src/main.js?t=1778407268344:183
[ 2415341ms] [LOG] %c[Speed Curve] color: #00ffcc; font-weight: bold @ http://localhost:3001/src/systems/difficulty.js?t=1778407214807:30
[ 2415341ms] [TABLE] [Object, Object, Object, Object, Object, Object, Object, Object, Object, Object, Object, Object] @ http://localhost:3001/src/systems/difficulty.js?t=1778407214807:31
[ 2415341ms] [LOG] [Letter Runner] Game loop started @ http://localhost:3001/src/main.js?t=1778407280148:183
[ 2430346ms] [LOG] %c[Speed Curve] color: #00ffcc; font-weight: bold @ http://localhost:3001/src/systems/difficulty.js?t=1778407295078:30
[ 2430346ms] [TABLE] [Object, Object, Object, Object, Object, Object, Object, Object, Object, Object, Object, Object] @ http://localhost:3001/src/systems/difficulty.js?t=1778407295078:31
[ 2430347ms] [LOG] [Letter Runner] Game loop started @ http://localhost:3001/src/main.js?t=1778407295078:183
[ 2437015ms] [LOG] %c[Speed Curve] color: #00ffcc; font-weight: bold @ http://localhost:3001/src/systems/difficulty.js?t=1778407295078:30
[ 2437015ms] [TABLE] [Object, Object, Object, Object, Object, Object, Object, Object, Object, Object, Object, Object] @ http://localhost:3001/src/systems/difficulty.js?t=1778407295078:31
[ 2437016ms] [LOG] [Letter Runner] Game loop started @ http://localhost:3001/src/main.js?t=1778407301655:183
[ 2448576ms] [LOG] %c[Speed Curve] color: #00ffcc; font-weight: bold @ http://localhost:3001/src/systems/difficulty.js?t=1778407313383:35
[ 2448577ms] [TABLE] [Object, Object, Object, Object, Object, Object, Object, Object, Object, Object, Object, Object] @ http://localhost:3001/src/systems/difficulty.js?t=1778407313383:36
[ 2448577ms] [LOG] [Letter Runner] Game loop started @ http://localhost:3001/src/main.js?t=1778407313383:183
[ 2455627ms] [LOG] %c[Speed Curve] color: #00ffcc; font-weight: bold @ http://localhost:3001/src/systems/difficulty.js?t=1778407320439:35
[ 2455628ms] [TABLE] [Object, Object, Object, Object, Object, Object, Object, Object, Object, Object, Object, Object] @ http://localhost:3001/src/systems/difficulty.js?t=1778407320439:36
[ 2455628ms] [LOG] [Letter Runner] Game loop started @ http://localhost:3001/src/main.js?t=1778407320439:183
[ 2625287ms] [LOG] %c[Speed Curve] color: #00ffcc; font-weight: bold @ http://localhost:3001/src/systems/difficulty.js?t=1778407320439:35
[ 2625287ms] [TABLE] [Object, Object, Object, Object, Object, Object, Object, Object, Object, Object, Object, Object] @ http://localhost:3001/src/systems/difficulty.js?t=1778407320439:36
[ 2625287ms] [LOG] [Letter Runner] Game loop started @ http://localhost:3001/src/main.js?t=1778407320439:183
[ 2632393ms] [ERROR] Failed to load resource: the server responded with a status of 404 (Not Found) @ http://localhost:3001/favicon.ico:0
[ 3012914ms] [LOG] %c[Speed Curve] color: #00ffcc; font-weight: bold @ http://localhost:3001/src/systems/difficulty.js?t=1778407320439:35
[ 3012914ms] [TABLE] [Object, Object, Object, Object, Object, Object, Object, Object, Object, Object, Object, Object] @ http://localhost:3001/src/systems/difficulty.js?t=1778407320439:36
[ 3012915ms] [LOG] [Letter Runner] Game loop started @ http://localhost:3001/src/main.js?t=1778407877647:183
[ 3023010ms] [ERROR] Failed to load resource: the server responded with a status of 404 (Not Found) @ http://localhost:3001/favicon.ico:0
[ 3048842ms] [LOG] %c[Speed Curve] color: #00ffcc; font-weight: bold @ http://localhost:3001/src/systems/difficulty.js?t=1778407320439:35
[ 3048842ms] [TABLE] [Object, Object, Object, Object, Object, Object, Object, Object, Object, Object, Object, Object] @ http://localhost:3001/src/systems/difficulty.js?t=1778407320439:36
[ 3048842ms] [LOG] [Letter Runner] Game loop started @ http://localhost:3001/src/main.js?t=1778407913643:183
[ 3061883ms] [LOG] %c[Speed Curve] color: #00ffcc; font-weight: bold @ http://localhost:3001/src/systems/difficulty.js?t=1778407320439:35
[ 3061883ms] [TABLE] [Object, Object, Object, Object, Object, Object, Object, Object, Object, Object, Object, Object] @ http://localhost:3001/src/systems/difficulty.js?t=1778407320439:36
[ 3061884ms] [LOG] [Letter Runner] Game loop started @ http://localhost:3001/src/main.js?t=1778407926670:183
[ 3066180ms] [LOG] %c[Speed Curve] color: #00ffcc; font-weight: bold @ http://localhost:3001/src/systems/difficulty.js?t=1778407320439:35
[ 3066180ms] [TABLE] [Object, Object, Object, Object, Object, Object, Object, Object, Object, Object, Object, Object] @ http://localhost:3001/src/systems/difficulty.js?t=1778407320439:36
[ 3066180ms] [LOG] [Letter Runner] Game loop started @ http://localhost:3001/src/main.js?t=1778407931003:183
[ 3156489ms] [LOG] %c[Speed Curve] color: #00ffcc; font-weight: bold @ http://localhost:3001/src/systems/difficulty.js?t=1778408021301:41
[ 3156489ms] [TABLE] [Object, Object, Object, Object, Object, Object, Object, Object, Object, Object, Object, Object] @ http://localhost:3001/src/systems/difficulty.js?t=1778408021301:42
[ 3156490ms] [LOG] [Letter Runner] Game loop started @ http://localhost:3001/src/main.js?t=1778408021301:183
[ 3160141ms] [LOG] %c[Speed Curve] color: #00ffcc; font-weight: bold @ http://localhost:3001/src/systems/difficulty.js?t=1778408024930:41
[ 3160142ms] [TABLE] [Object, Object, Object, Object, Object, Object, Object, Object, Object, Object, Object, Object] @ http://localhost:3001/src/systems/difficulty.js?t=1778408024930:42
[ 3160142ms] [LOG] [Letter Runner] Game loop started @ http://localhost:3001/src/main.js?t=1778408024930:183
[ 3170498ms] [LOG] %c[Speed Curve] color: #00ffcc; font-weight: bold @ http://localhost:3001/src/systems/difficulty.js?t=1778408024930:41
[ 3170498ms] [TABLE] [Object, Object, Object, Object, Object, Object, Object, Object, Object, Object, Object, Object] @ http://localhost:3001/src/systems/difficulty.js?t=1778408024930:42
[ 3170498ms] [LOG] [Letter Runner] Game loop started @ http://localhost:3001/src/main.js?t=1778408035311:183
[ 3174324ms] [LOG] %c[Speed Curve] color: #00ffcc; font-weight: bold @ http://localhost:3001/src/systems/difficulty.js?t=1778408024930:41
[ 3174324ms] [TABLE] [Object, Object, Object, Object, Object, Object, Object, Object, Object, Object, Object, Object] @ http://localhost:3001/src/systems/difficulty.js?t=1778408024930:42
[ 3174324ms] [LOG] [Letter Runner] Game loop started @ http://localhost:3001/src/main.js?t=1778408039142:183
[ 3191760ms] [ERROR] Failed to load resource: the server responded with a status of 404 (Not Found) @ http://localhost:3001/favicon.ico:0
[ 3250167ms] [LOG] %c[Speed Curve] color: #00ffcc; font-weight: bold @ http://localhost:3001/src/systems/difficulty.js?t=1778408024930:41
[ 3250167ms] [TABLE] [Object, Object, Object, Object, Object, Object, Object, Object, Object, Object, Object, Object] @ http://localhost:3001/src/systems/difficulty.js?t=1778408024930:42
[ 3250168ms] [LOG] [Letter Runner] Game loop started @ http://localhost:3001/src/main.js?t=1778408039142:183
[ 3257334ms] [ERROR] Failed to load resource: the server responded with a status of 404 (Not Found) @ http://localhost:3001/favicon.ico:0
[ 3434835ms] [LOG] %c[Speed Curve] color: #00ffcc; font-weight: bold @ http://localhost:3001/src/systems/difficulty.js?t=1778408024930:41
[ 3434835ms] [TABLE] [Object, Object, Object, Object, Object, Object, Object, Object, Object, Object, Object, Object] @ http://localhost:3001/src/systems/difficulty.js?t=1778408024930:42
[ 3434836ms] [LOG] [Letter Runner] Game loop started @ http://localhost:3001/src/main.js?t=1778408039142:183
[ 3445048ms] [ERROR] Failed to load resource: the server responded with a status of 404 (Not Found) @ http://localhost:3001/favicon.ico:0
[ 3506038ms] [LOG] %c[Speed Curve] color: #00ffcc; font-weight: bold @ http://localhost:3001/src/systems/difficulty.js?t=1778408024930:41
[ 3506038ms] [TABLE] [Object, Object, Object, Object, Object, Object, Object, Object, Object, Object, Object, Object] @ http://localhost:3001/src/systems/difficulty.js?t=1778408024930:42
[ 3506038ms] [LOG] [Letter Runner] Game loop started @ http://localhost:3001/src/main.js?t=1778408039142:183
[ 3515750ms] [ERROR] Failed to load resource: the server responded with a status of 404 (Not Found) @ http://localhost:3001/favicon.ico:0
[ 3659108ms] [LOG] %c[Speed Curve] color: #00ffcc; font-weight: bold @ http://localhost:3001/src/systems/difficulty.js?t=1778408024930:41
[ 3659108ms] [TABLE] [Object, Object, Object, Object, Object, Object, Object, Object, Object, Object, Object, Object] @ http://localhost:3001/src/systems/difficulty.js?t=1778408024930:42
[ 3659110ms] [LOG] [Letter Runner] Game loop started @ http://localhost:3001/src/main.js?t=1778408523744:183
[ 3665041ms] [LOG] %c[Speed Curve] color: #00ffcc; font-weight: bold @ http://localhost:3001/src/systems/difficulty.js?t=1778408024930:41
[ 3665041ms] [TABLE] [Object, Object, Object, Object, Object, Object, Object, Object, Object, Object, Object, Object] @ http://localhost:3001/src/systems/difficulty.js?t=1778408024930:42
[ 3665042ms] [LOG] [Letter Runner] Game loop started @ http://localhost:3001/src/main.js?t=1778408529795:183
[ 3672852ms] [LOG] %c[Speed Curve] color: #00ffcc; font-weight: bold @ http://localhost:3001/src/systems/difficulty.js?t=1778408024930:41
[ 3672852ms] [TABLE] [Object, Object, Object, Object, Object, Object, Object, Object, Object, Object, Object, Object] @ http://localhost:3001/src/systems/difficulty.js?t=1778408024930:42
[ 3672852ms] [LOG] [Letter Runner] Game loop started @ http://localhost:3001/src/main.js?t=1778408537665:183
[ 3676596ms] [LOG] %c[Speed Curve] color: #00ffcc; font-weight: bold @ http://localhost:3001/src/systems/difficulty.js?t=1778408024930:41
[ 3676596ms] [TABLE] [Object, Object, Object, Object, Object, Object, Object, Object, Object, Object, Object, Object] @ http://localhost:3001/src/systems/difficulty.js?t=1778408024930:42
[ 3676596ms] [LOG] [Letter Runner] Game loop started @ http://localhost:3001/src/main.js?t=1778408541394:183
[ 3680001ms] [LOG] %c[Speed Curve] color: #00ffcc; font-weight: bold @ http://localhost:3001/src/systems/difficulty.js?t=1778408024930:41
[ 3680001ms] [TABLE] [Object, Object, Object, Object, Object, Object, Object, Object, Object, Object, Object, Object] @ http://localhost:3001/src/systems/difficulty.js?t=1778408024930:42
[ 3680001ms] [LOG] [Letter Runner] Game loop started @ http://localhost:3001/src/main.js?t=1778408544815:183
[ 3685653ms] [LOG] %c[Speed Curve] color: #00ffcc; font-weight: bold @ http://localhost:3001/src/systems/difficulty.js?t=1778408024930:41
[ 3685653ms] [TABLE] [Object, Object, Object, Object, Object, Object, Object, Object, Object, Object, Object, Object] @ http://localhost:3001/src/systems/difficulty.js?t=1778408024930:42
[ 3685653ms] [LOG] [Letter Runner] Game loop started @ http://localhost:3001/src/main.js?t=1778408550461:183
[ 3695030ms] [LOG] %c[Speed Curve] color: #00ffcc; font-weight: bold @ http://localhost:3001/src/systems/difficulty.js?t=1778408024930:41
[ 3695030ms] [TABLE] [Object, Object, Object, Object, Object, Object, Object, Object, Object, Object, Object, Object] @ http://localhost:3001/src/systems/difficulty.js?t=1778408024930:42
[ 3695031ms] [LOG] [Letter Runner] Game loop started @ http://localhost:3001/src/main.js?t=1778408559843:183
[ 3698683ms] [LOG] %c[Speed Curve] color: #00ffcc; font-weight: bold @ http://localhost:3001/src/systems/difficulty.js?t=1778408024930:41
[ 3698683ms] [TABLE] [Object, Object, Object, Object, Object, Object, Object, Object, Object, Object, Object, Object] @ http://localhost:3001/src/systems/difficulty.js?t=1778408024930:42
[ 3698683ms] [LOG] [Letter Runner] Game loop started @ http://localhost:3001/src/main.js?t=1778408563468:183
[ 3701919ms] [LOG] %c[Speed Curve] color: #00ffcc; font-weight: bold @ http://localhost:3001/src/systems/difficulty.js?t=1778408024930:41
[ 3701919ms] [TABLE] [Object, Object, Object, Object, Object, Object, Object, Object, Object, Object, Object, Object] @ http://localhost:3001/src/systems/difficulty.js?t=1778408024930:42
[ 3701920ms] [LOG] [Letter Runner] Game loop started @ http://localhost:3001/src/main.js?t=1778408566423:183
[ 3704218ms] [LOG] %c[Speed Curve] color: #00ffcc; font-weight: bold @ http://localhost:3001/src/systems/difficulty.js?t=1778408024930:41
[ 3704218ms] [TABLE] [Object, Object, Object, Object, Object, Object, Object, Object, Object, Object, Object, Object] @ http://localhost:3001/src/systems/difficulty.js?t=1778408024930:42
[ 3704218ms] [LOG] [Letter Runner] Game loop started @ http://localhost:3001/src/main.js?t=1778408569039:183
[ 3713615ms] [LOG] %c[Speed Curve] color: #00ffcc; font-weight: bold @ http://localhost:3001/src/systems/difficulty.js?t=1778408024930:41
[ 3713615ms] [TABLE] [Object, Object, Object, Object, Object, Object, Object, Object, Object, Object, Object, Object] @ http://localhost:3001/src/systems/difficulty.js?t=1778408024930:42
[ 3713616ms] [LOG] [Letter Runner] Game loop started @ http://localhost:3001/src/main.js?t=1778408578410:183
[ 3719541ms] [LOG] %c[Speed Curve] color: #00ffcc; font-weight: bold @ http://localhost:3001/src/systems/difficulty.js?t=1778408024930:41
[ 3719541ms] [TABLE] [Object, Object, Object, Object, Object, Object, Object, Object, Object, Object, Object, Object] @ http://localhost:3001/src/systems/difficulty.js?t=1778408024930:42
[ 3719541ms] [LOG] [Letter Runner] Game loop started @ http://localhost:3001/src/main.js?t=1778408584354:183
[ 3723061ms] [LOG] %c[Speed Curve] color: #00ffcc; font-weight: bold @ http://localhost:3001/src/systems/difficulty.js?t=1778408024930:41
[ 3723061ms] [TABLE] [Object, Object, Object, Object, Object, Object, Object, Object, Object, Object, Object, Object] @ http://localhost:3001/src/systems/difficulty.js?t=1778408024930:42
[ 3723062ms] [LOG] [Letter Runner] Game loop started @ http://localhost:3001/src/main.js?t=1778408587881:183
[ 3726398ms] [LOG] %c[Speed Curve] color: #00ffcc; font-weight: bold @ http://localhost:3001/src/systems/difficulty.js?t=1778408024930:41
[ 3726398ms] [TABLE] [Object, Object, Object, Object, Object, Object, Object, Object, Object, Object, Object, Object] @ http://localhost:3001/src/systems/difficulty.js?t=1778408024930:42
[ 3726398ms] [LOG] [Letter Runner] Game loop started @ http://localhost:3001/src/main.js?t=1778408591201:183
[ 3745958ms] [LOG] %c[Speed Curve] color: #00ffcc; font-weight: bold @ http://localhost:3001/src/systems/difficulty.js?t=1778408024930:41
[ 3745958ms] [TABLE] [Object, Object, Object, Object, Object, Object, Object, Object, Object, Object, Object, Object] @ http://localhost:3001/src/systems/difficulty.js?t=1778408024930:42
[ 3745958ms] [LOG] [Letter Runner] Game loop started @ http://localhost:3001/src/main.js?t=1778408610758:183
[ 3749090ms] [LOG] %c[Speed Curve] color: #00ffcc; font-weight: bold @ http://localhost:3001/src/systems/difficulty.js?t=1778408024930:41
[ 3749090ms] [TABLE] [Object, Object, Object, Object, Object, Object, Object, Object, Object, Object, Object, Object] @ http://localhost:3001/src/systems/difficulty.js?t=1778408024930:42
[ 3749090ms] [LOG] [Letter Runner] Game loop started @ http://localhost:3001/src/main.js?t=1778408613891:183
[ 3761270ms] [LOG] %c[Speed Curve] color: #00ffcc; font-weight: bold @ http://localhost:3001/src/systems/difficulty.js?t=1778408024930:41
[ 3761270ms] [TABLE] [Object, Object, Object, Object, Object, Object, Object, Object, Object, Object, Object, Object] @ http://localhost:3001/src/systems/difficulty.js?t=1778408024930:42
[ 3761271ms] [LOG] [Letter Runner] Game loop started @ http://localhost:3001/src/main.js?t=1778408626089:183
[ 3770558ms] [LOG] %c[Speed Curve] color: #00ffcc; font-weight: bold @ http://localhost:3001/src/systems/difficulty.js?t=1778408024930:41
[ 3770558ms] [TABLE] [Object, Object, Object, Object, Object, Object, Object, Object, Object, Object, Object, Object] @ http://localhost:3001/src/systems/difficulty.js?t=1778408024930:42
[ 3770559ms] [LOG] [Letter Runner] Game loop started @ http://localhost:3001/src/main.js?t=1778408635357:183
[ 3775590ms] [LOG] %c[Speed Curve] color: #00ffcc; font-weight: bold @ http://localhost:3001/src/systems/difficulty.js?t=1778408024930:41
[ 3775590ms] [TABLE] [Object, Object, Object, Object, Object, Object, Object, Object, Object, Object, Object, Object] @ http://localhost:3001/src/systems/difficulty.js?t=1778408024930:42
[ 3775591ms] [LOG] [Letter Runner] Game loop started @ http://localhost:3001/src/main.js?t=1778408640402:183
[ 3785176ms] [LOG] %c[Speed Curve] color: #00ffcc; font-weight: bold @ http://localhost:3001/src/systems/difficulty.js?t=1778408024930:41
[ 3785176ms] [TABLE] [Object, Object, Object, Object, Object, Object, Object, Object, Object, Object, Object, Object] @ http://localhost:3001/src/systems/difficulty.js?t=1778408024930:42
[ 3785176ms] [LOG] [Letter Runner] Game loop started @ http://localhost:3001/src/main.js?t=1778408649979:183
[ 3791439ms] [LOG] %c[Speed Curve] color: #00ffcc; font-weight: bold @ http://localhost:3001/src/systems/difficulty.js?t=1778408024930:41
[ 3791440ms] [TABLE] [Object, Object, Object, Object, Object, Object, Object, Object, Object, Object, Object, Object] @ http://localhost:3001/src/systems/difficulty.js?t=1778408024930:42
[ 3791440ms] [LOG] [Letter Runner] Game loop started @ http://localhost:3001/src/main.js?t=1778408656227:183
[ 3791754ms] [ERROR] Failed to load resource: the server responded with a status of 404 (Not Found) @ http://localhost:3001/favicon.ico:0
[ 3794560ms] [LOG] %c[Speed Curve] color: #00ffcc; font-weight: bold @ http://localhost:3001/src/systems/difficulty.js?t=1778408024930:41
[ 3794560ms] [TABLE] [Object, Object, Object, Object, Object, Object, Object, Object, Object, Object, Object, Object] @ http://localhost:3001/src/systems/difficulty.js?t=1778408024930:42
[ 3794560ms] [LOG] [Letter Runner] Game loop started @ http://localhost:3001/src/main.js?t=1778408659363:183
[ 3795489ms] [ERROR] Failed to load resource: the server responded with a status of 404 (Not Found) @ http://localhost:3001/favicon.ico:0
[ 3798315ms] [LOG] %c[Speed Curve] color: #00ffcc; font-weight: bold @ http://localhost:3001/src/systems/difficulty.js?t=1778408024930:41
[ 3798315ms] [TABLE] [Object, Object, Object, Object, Object, Object, Object, Object, Object, Object, Object, Object] @ http://localhost:3001/src/systems/difficulty.js?t=1778408024930:42
[ 3798316ms] [LOG] [Letter Runner] Game loop started @ http://localhost:3001/src/main.js?t=1778408663092:183
[ 3803329ms] [LOG] %c[Speed Curve] color: #00ffcc; font-weight: bold @ http://localhost:3001/src/systems/difficulty.js?t=1778408024930:41
[ 3803329ms] [TABLE] [Object, Object, Object, Object, Object, Object, Object, Object, Object, Object, Object, Object] @ http://localhost:3001/src/systems/difficulty.js?t=1778408024930:42
[ 3803329ms] [LOG] [Letter Runner] Game loop started @ http://localhost:3001/src/main.js?t=1778408668128:184
[ 3824504ms] [LOG] %c[Speed Curve] color: #00ffcc; font-weight: bold @ http://localhost:3001/src/systems/difficulty.js?t=1778408024930:41
[ 3824504ms] [TABLE] [Object, Object, Object, Object, Object, Object, Object, Object, Object, Object, Object, Object] @ http://localhost:3001/src/systems/difficulty.js?t=1778408024930:42
[ 3824504ms] [LOG] [Letter Runner] Game loop started @ http://localhost:3001/src/main.js?t=1778408689313:184
[ 3924138ms] [LOG] %c[Speed Curve] color: #00ffcc; font-weight: bold @ http://localhost:3001/src/systems/difficulty.js?t=1778408024930:41
[ 3924138ms] [TABLE] [Object, Object, Object, Object, Object, Object, Object, Object, Object, Object, Object, Object] @ http://localhost:3001/src/systems/difficulty.js?t=1778408024930:42
[ 3924138ms] [LOG] [Letter Runner] Game loop started @ http://localhost:3001/src/main.js?t=1778408788941:184
[ 3929888ms] [LOG] %c[Speed Curve] color: #00ffcc; font-weight: bold @ http://localhost:3001/src/systems/difficulty.js?t=1778408024930:41
[ 3929888ms] [TABLE] [Object, Object, Object, Object, Object, Object, Object, Object, Object, Object, Object, Object] @ http://localhost:3001/src/systems/difficulty.js?t=1778408024930:42
[ 3929888ms] [LOG] [Letter Runner] Game loop started @ http://localhost:3001/src/main.js?t=1778408794683:184
[ 3936840ms] [LOG] %c[Speed Curve] color: #00ffcc; font-weight: bold @ http://localhost:3001/src/systems/difficulty.js?t=1778408024930:41
[ 3936840ms] [TABLE] [Object, Object, Object, Object, Object, Object, Object, Object, Object, Object, Object, Object] @ http://localhost:3001/src/systems/difficulty.js?t=1778408024930:42
[ 3936840ms] [LOG] [Letter Runner] Game loop started @ http://localhost:3001/src/main.js?t=1778408801639:184
[ 3941971ms] [LOG] %c[Speed Curve] color: #00ffcc; font-weight: bold @ http://localhost:3001/src/systems/difficulty.js?t=1778408024930:41
[ 3941971ms] [TABLE] [Object, Object, Object, Object, Object, Object, Object, Object, Object, Object, Object, Object] @ http://localhost:3001/src/systems/difficulty.js?t=1778408024930:42
[ 3941971ms] [LOG] [Letter Runner] Game loop started @ http://localhost:3001/src/main.js?t=1778408806780:184
[ 3947531ms] [LOG] %c[Speed Curve] color: #00ffcc; font-weight: bold @ http://localhost:3001/src/systems/difficulty.js?t=1778408024930:41
[ 3947531ms] [TABLE] [Object, Object, Object, Object, Object, Object, Object, Object, Object, Object, Object, Object] @ http://localhost:3001/src/systems/difficulty.js?t=1778408024930:42
[ 3947531ms] [LOG] [Letter Runner] Game loop started @ http://localhost:3001/src/main.js?t=1778408812319:184
[ 3964041ms] [LOG] %c[Speed Curve] color: #00ffcc; font-weight: bold @ http://localhost:3001/src/systems/difficulty.js?t=1778408024930:41
[ 3964041ms] [TABLE] [Object, Object, Object, Object, Object, Object, Object, Object, Object, Object, Object, Object] @ http://localhost:3001/src/systems/difficulty.js?t=1778408024930:42
[ 3964041ms] [LOG] [Letter Runner] Game loop started @ http://localhost:3001/src/main.js?t=1778408828845:184
[ 3971287ms] [LOG] %c[Speed Curve] color: #00ffcc; font-weight: bold @ http://localhost:3001/src/systems/difficulty.js?t=1778408024930:41
[ 3971288ms] [TABLE] [Object, Object, Object, Object, Object, Object, Object, Object, Object, Object, Object, Object] @ http://localhost:3001/src/systems/difficulty.js?t=1778408024930:42
[ 3971288ms] [LOG] [Letter Runner] Game loop started @ http://localhost:3001/src/main.js?t=1778408836087:184
[ 3981971ms] [LOG] %c[Speed Curve] color: #00ffcc; font-weight: bold @ http://localhost:3001/src/systems/difficulty.js?t=1778408024930:41
[ 3981971ms] [TABLE] [Object, Object, Object, Object, Object, Object, Object, Object, Object, Object, Object, Object] @ http://localhost:3001/src/systems/difficulty.js?t=1778408024930:42
[ 3981971ms] [LOG] [Letter Runner] Game loop started @ http://localhost:3001/src/main.js?t=1778408846774:184
[ 3986191ms] [LOG] %c[Speed Curve] color: #00ffcc; font-weight: bold @ http://localhost:3001/src/systems/difficulty.js?t=1778408024930:41
[ 3986191ms] [TABLE] [Object, Object, Object, Object, Object, Object, Object, Object, Object, Object, Object, Object] @ http://localhost:3001/src/systems/difficulty.js?t=1778408024930:42
[ 3986192ms] [LOG] [Letter Runner] Game loop started @ http://localhost:3001/src/main.js?t=1778408851008:184
[ 3989924ms] [LOG] %c[Speed Curve] color: #00ffcc; font-weight: bold @ http://localhost:3001/src/systems/difficulty.js?t=1778408024930:41
[ 3989924ms] [TABLE] [Object, Object, Object, Object, Object, Object, Object, Object, Object, Object, Object, Object] @ http://localhost:3001/src/systems/difficulty.js?t=1778408024930:42
[ 3989925ms] [LOG] [Letter Runner] Game loop started @ http://localhost:3001/src/main.js?t=1778408854737:185
[ 4024009ms] [LOG] %c[Speed Curve] color: #00ffcc; font-weight: bold @ http://localhost:3001/src/systems/difficulty.js?t=1778408024930:41
[ 4024009ms] [TABLE] [Object, Object, Object, Object, Object, Object, Object, Object, Object, Object, Object, Object] @ http://localhost:3001/src/systems/difficulty.js?t=1778408024930:42
[ 4024010ms] [LOG] [Letter Runner] Game loop started @ http://localhost:3001/src/main.js?t=1778408888810:185
[ 4051084ms] [LOG] %c[Speed Curve] color: #00ffcc; font-weight: bold @ http://localhost:3001/src/systems/difficulty.js?t=1778408024930:41
[ 4051084ms] [TABLE] [Object, Object, Object, Object, Object, Object, Object, Object, Object, Object, Object, Object] @ http://localhost:3001/src/systems/difficulty.js?t=1778408024930:42
[ 4051084ms] [LOG] [Letter Runner] Game loop started @ http://localhost:3001/src/main.js?t=1778408915876:185
[ 4635823ms] [ERROR] Failed to load resource: the server responded with a status of 404 (Not Found) @ http://localhost:3001/favicon.ico:0
[ 4802758ms] [LOG] %c[Speed Curve] color: #00ffcc; font-weight: bold @ http://localhost:3001/src/systems/difficulty.js?t=1778408024930:41
[ 4802759ms] [TABLE] [Object, Object, Object, Object, Object, Object, Object, Object, Object, Object, Object, Object] @ http://localhost:3001/src/systems/difficulty.js?t=1778408024930:42
[ 4802759ms] [LOG] [Letter Runner] Game loop started @ http://localhost:3001/src/main.js?t=1778409667539:185
[ 4809699ms] [LOG] %c[Speed Curve] color: #00ffcc; font-weight: bold @ http://localhost:3001/src/systems/difficulty.js?t=1778408024930:41
[ 4809699ms] [TABLE] [Object, Object, Object, Object, Object, Object, Object, Object, Object, Object, Object, Object] @ http://localhost:3001/src/systems/difficulty.js?t=1778408024930:42
[ 4809700ms] [LOG] [Letter Runner] Game loop started @ http://localhost:3001/src/main.js?t=1778409674412:185
[ 4833127ms] [LOG] %c[Speed Curve] color: #00ffcc; font-weight: bold @ http://localhost:3001/src/systems/difficulty.js?t=1778408024930:41
[ 4833127ms] [TABLE] [Object, Object, Object, Object, Object, Object, Object, Object, Object, Object, Object, Object] @ http://localhost:3001/src/systems/difficulty.js?t=1778408024930:42
[ 4833128ms] [LOG] [Letter Runner] Game loop started @ http://localhost:3001/src/main.js?t=1778409697741:185
[ 4837931ms] [LOG] %c[Speed Curve] color: #00ffcc; font-weight: bold @ http://localhost:3001/src/systems/difficulty.js?t=1778408024930:41
[ 4837931ms] [TABLE] [Object, Object, Object, Object, Object, Object, Object, Object, Object, Object, Object, Object] @ http://localhost:3001/src/systems/difficulty.js?t=1778408024930:42
[ 4837932ms] [LOG] [Letter Runner] Game loop started @ http://localhost:3001/src/main.js?t=1778409702683:185
[ 4846922ms] [ERROR] Failed to load resource: the server responded with a status of 404 (Not Found) @ http://localhost:3001/favicon.ico:0
[ 4849358ms] [LOG] %c[Speed Curve] color: #00ffcc; font-weight: bold @ http://localhost:3001/src/systems/difficulty.js?t=1778408024930:41
[ 4849358ms] [TABLE] [Object, Object, Object, Object, Object, Object, Object, Object, Object, Object, Object, Object] @ http://localhost:3001/src/systems/difficulty.js?t=1778408024930:42
[ 4849359ms] [LOG] [Letter Runner] Game loop started @ http://localhost:3001/src/main.js?t=1778409714169:185
[ 4913300ms] [LOG] %c[Speed Curve] color: #00ffcc; font-weight: bold @ http://localhost:3001/src/systems/difficulty.js?t=1778408024930:41
[ 4913300ms] [TABLE] [Object, Object, Object, Object, Object, Object, Object, Object, Object, Object, Object, Object] @ http://localhost:3001/src/systems/difficulty.js?t=1778408024930:42
[ 4913301ms] [LOG] [Letter Runner] Game loop started @ http://localhost:3001/src/main.js?t=1778409778094:185
[ 4944963ms] [LOG] %c[Speed Curve] color: #00ffcc; font-weight: bold @ http://localhost:3001/src/systems/difficulty.js?t=1778408024930:41
[ 4944963ms] [TABLE] [Object, Object, Object, Object, Object, Object, Object, Object, Object, Object, Object, Object] @ http://localhost:3001/src/systems/difficulty.js?t=1778408024930:42
[ 4944964ms] [LOG] [Letter Runner] Game loop started @ http://localhost:3001/src/main.js?t=1778409809759:185
[ 4947542ms] [ERROR] Failed to load resource: the server responded with a status of 404 (Not Found) @ http://localhost:3001/favicon.ico:0
[ 4994886ms] [LOG] %c[Speed Curve] color: #00ffcc; font-weight: bold @ http://localhost:3001/src/systems/difficulty.js?t=1778408024930:41
[ 4994886ms] [TABLE] [Object, Object, Object, Object, Object, Object, Object, Object, Object, Object, Object, Object] @ http://localhost:3001/src/systems/difficulty.js?t=1778408024930:42
[ 4994887ms] [LOG] [Letter Runner] Game loop started @ http://localhost:3001/src/main.js?t=1778409859666:185
[ 5031158ms] [LOG] %c[Speed Curve] color: #00ffcc; font-weight: bold @ http://localhost:3001/src/systems/difficulty.js?t=1778408024930:41
[ 5031158ms] [TABLE] [Object, Object, Object, Object, Object, Object, Object, Object, Object, Object, Object, Object] @ http://localhost:3001/src/systems/difficulty.js?t=1778408024930:42
[ 5031159ms] [LOG] [Letter Runner] Game loop started @ http://localhost:3001/src/main.js?t=1778409895952:185
[ 5057572ms] [LOG] %c[Speed Curve] color: #00ffcc; font-weight: bold @ http://localhost:3001/src/systems/difficulty.js?t=1778408024930:41
[ 5057572ms] [TABLE] [Object, Object, Object, Object, Object, Object, Object, Object, Object, Object, Object, Object] @ http://localhost:3001/src/systems/difficulty.js?t=1778408024930:42
[ 5057573ms] [LOG] [Letter Runner] Game loop started @ http://localhost:3001/src/main.js?t=1778409922375:185
[ 5142021ms] [ERROR] Failed to load resource: the server responded with a status of 404 (Not Found) @ http://localhost:3001/favicon.ico:0
[ 5191608ms] [LOG] %c[Speed Curve] color: #00ffcc; font-weight: bold @ http://localhost:3001/src/systems/difficulty.js?t=1778408024930:41
[ 5191608ms] [TABLE] [Object, Object, Object, Object, Object, Object, Object, Object, Object, Object, Object, Object] @ http://localhost:3001/src/systems/difficulty.js?t=1778408024930:42
[ 5191609ms] [LOG] [Letter Runner] Game loop started @ http://localhost:3001/src/main.js?t=1778410056416:185
[ 5203205ms] [LOG] %c[Speed Curve] color: #00ffcc; font-weight: bold @ http://localhost:3001/src/systems/difficulty.js?t=1778408024930:41
[ 5203205ms] [TABLE] [Object, Object, Object, Object, Object, Object, Object, Object, Object, Object, Object, Object] @ http://localhost:3001/src/systems/difficulty.js?t=1778408024930:42
[ 5203206ms] [LOG] [Letter Runner] Game loop started @ http://localhost:3001/src/main.js?t=1778410068008:185
[ 5310323ms] [LOG] %c[Speed Curve] color: #00ffcc; font-weight: bold @ http://localhost:3001/src/systems/difficulty.js?t=1778408024930:41
[ 5310323ms] [TABLE] [Object, Object, Object, Object, Object, Object, Object, Object, Object, Object, Object, Object] @ http://localhost:3001/src/systems/difficulty.js?t=1778408024930:42
[ 5310324ms] [LOG] [Letter Runner] Game loop started @ http://localhost:3001/src/main.js?t=1778410175120:185
[ 5326341ms] [ERROR] Failed to load resource: the server responded with a status of 404 (Not Found) @ http://localhost:3001/favicon.ico:0
[ 5346965ms] [LOG] %c[Speed Curve] color: #00ffcc; font-weight: bold @ http://localhost:3001/src/systems/difficulty.js?t=1778408024930:41
[ 5346965ms] [TABLE] [Object, Object, Object, Object, Object, Object, Object, Object, Object, Object, Object, Object] @ http://localhost:3001/src/systems/difficulty.js?t=1778408024930:42
[ 5346966ms] [LOG] [Letter Runner] Game loop started @ http://localhost:3001/src/main.js?t=1778410211719:185
[ 5369969ms] [ERROR] Failed to load resource: the server responded with a status of 404 (Not Found) @ http://localhost:3001/favicon.ico:0
